<?xml version="1.0" encoding="UTF-8"?>
<testsuite xmlns:xsi="http://www.w3.org/2001/XMLSchema-instance" xsi:noNamespaceSchemaLocation="https://maven.apache.org/surefire/maven-surefire-plugin/xsd/surefire-test-report.xsd" name="com.javaonly.buildingessentials.dao.OrdersDaoInterfaceTest" time="7.187" tests="10" errors="0" skipped="0" failures="0">
  <properties>
[...]
</properties>
  <testcase name="testDeleteOrder" classname="com.javaonly.buildingessentials.dao.OrdersDaoInterfaceTest" time="0.906"/>
  <testcase name="testUpdateOrder" classname="com.javaonly.buildingessentials.dao.OrdersDaoInterfaceTest" time="0.063"/>
  <testcase name="testGetOneOrder" classname="com.javaonly.buildingessentials.dao.OrdersDaoInterfaceTest" time="0.016"/>
  <testcase name="testAddOrder" classname="com.javaonly.buildingessentials.dao.OrdersDaoInterfaceTest" time="0.031"/>
  <testcase name="testGetAllOrdersForOneDate" classname="com.javaonly.buildingessentials.dao.OrdersDaoInterfaceTest" time="0.031"/>
  <testcase name="testGetAllOrders" classname="com.javaonly.buildingessentials.dao.OrdersDaoInterfaceTest" time="0.031"/>
  <testcase name="testGetAllOrdersForOneCustomer" classname="com.javaonly.buildingessentials.dao.OrdersDaoInterfaceTest" time="0.032"/>
  <testcase name="testGetOrdersAndProductsForGraph" classname="com.javaonly.buildingessentials.dao.OrdersDaoInterfaceTest" time="0.031"/>
  <testcase name="testGetOneProduct" classname="com.javaonly.buildingessentials.dao.OrdersDaoInterfaceTest" time="0.015"/>
  <testcase name="testGetOneTax" classname="com.javaonly.buildingessentials.dao.OrdersDaoInterfaceTest" time="0.016"/>
</testsuite>